<?xml version="1.0" encoding="UTF-8"?>
<!-- Generated by org.testng.reporters.JUnitReportReporter -->
<testsuite hostname="Kiran" name="com.SanityTests.Gmail" tests="1" failures="0" timestamp="9 Dec 2017 16:32:41 GMT" time="0.072" errors="0">
  <testcase name="doLogin" time="0.072" classname="com.SanityTests.Gmail"/>
</testsuite> <!-- com.SanityTests.Gmail -->
